<?xml version="1.0" encoding="UTF-8"?>
<testng-results ignored="0" total="1" passed="1" failed="0" skipped="0">
  <reporter-output>
  </reporter-output>
  <suite started-at="2022-10-19T08:58:39 IST" name="Default suite" finished-at="2022-10-19T08:59:03 IST" duration-ms="23831">
    <groups>
    </groups>
    <test started-at="2022-10-19T08:58:39 IST" name="Default test" finished-at="2022-10-19T08:59:03 IST" duration-ms="23831">
      <class name="day8.TestNGExamples.Example7">
        <test-method signature="loginLogoutInActitimeApplication()[pri:0, instance:day8.TestNGExamples.Example7@47d90b9e]" started-at="2022-10-19T08:58:39 IST" name="loginLogoutInActitimeApplication" finished-at="2022-10-19T08:59:03 IST" duration-ms="23752" status="PASS">
          <reporter-output>
          </reporter-output>
        </test-method> <!-- loginLogoutInActitimeApplication -->
      </class> <!-- day8.TestNGExamples.Example7 -->
    </test> <!-- Default test -->
  </suite> <!-- Default suite -->
</testng-results>
